This file contains any messages produced by compilers while
running configure, to aid debugging if configure makes a mistake.

It was created by cpabe configure 0.11, which was
generated by GNU Autoconf 2.67.  Invocation command line was

  $ ./configure --no-create --no-recursion

## --------- ##
## Platform. ##
## --------- ##

hostname = claudiu
uname -m = x86_64
uname -r = 3.13.0-24-generic
uname -s = Linux
uname -v = #47-Ubuntu SMP Fri May 2 23:30:00 UTC 2014

/usr/bin/uname -p = unknown
/bin/uname -X     = unknown

/bin/arch              = unknown
/usr/bin/arch -k       = unknown
/usr/convex/getsysinfo = unknown
/usr/bin/hostinfo      = unknown
/bin/machine           = unknown
/usr/bin/oslevel       = unknown
/bin/universe          = unknown

PATH: /usr/local/heroku/bin
PATH: /usr/local/sbin
PATH: /usr/local/bin
PATH: /usr/sbin
PATH: /usr/bin
PATH: /sbin
PATH: /bin
PATH: /usr/games
PATH: /usr/local/games


## ----------- ##
## Core tests. ##
## ----------- ##

configure:2232: checking whether to enable debugging
configure:2250: result: no
configure:2257: checking for bison
configure:2273: found /usr/bin/bison
configure:2284: result: bison -y
configure:2344: checking for gcc
configure:2360: found /usr/bin/gcc
configure:2371: result: gcc
configure:2600: checking for C compiler version
configure:2609: gcc --version >&5
gcc (Ubuntu 4.8.2-19ubuntu1) 4.8.2
Copyright (C) 2013 Free Software Foundation, Inc.
This is free software; see the source for copying conditions.  There is NO
warranty; not even for MERCHANTABILITY or FITNESS FOR A PARTICULAR PURPOSE.

configure:2620: $? = 0
configure:2609: gcc -v >&5
Using built-in specs.
COLLECT_GCC=gcc
COLLECT_LTO_WRAPPER=/usr/lib/gcc/x86_64-linux-gnu/4.8/lto-wrapper
Target: x86_64-linux-gnu
Configured with: ../src/configure -v --with-pkgversion='Ubuntu 4.8.2-19ubuntu1' --with-bugurl=file:///usr/share/doc/gcc-4.8/README.Bugs --enable-languages=c,c++,java,go,d,fortran,objc,obj-c++ --prefix=/usr --program-suffix=-4.8 --enable-shared --enable-linker-build-id --libexecdir=/usr/lib --without-included-gettext --enable-threads=posix --with-gxx-include-dir=/usr/include/c++/4.8 --libdir=/usr/lib --enable-nls --with-sysroot=/ --enable-clocale=gnu --enable-libstdcxx-debug --enable-libstdcxx-time=yes --enable-gnu-unique-object --disable-libmudflap --enable-plugin --with-system-zlib --disable-browser-plugin --enable-java-awt=gtk --enable-gtk-cairo --with-java-home=/usr/lib/jvm/java-1.5.0-gcj-4.8-amd64/jre --enable-java-home --with-jvm-root-dir=/usr/lib/jvm/java-1.5.0-gcj-4.8-amd64 --with-jvm-jar-dir=/usr/lib/jvm-exports/java-1.5.0-gcj-4.8-amd64 --with-arch-directory=amd64 --with-ecj-jar=/usr/share/java/eclipse-ecj.jar --enable-objc-gc --enable-multiarch --disable-werror --with-arch-32=i686 --with-abi=m64 --with-multilib-list=m32,m64,mx32 --with-tune=generic --enable-checking=release --build=x86_64-linux-gnu --host=x86_64-linux-gnu --target=x86_64-linux-gnu
Thread model: posix
gcc version 4.8.2 (Ubuntu 4.8.2-19ubuntu1) 
configure:2620: $? = 0
configure:2609: gcc -V >&5
gcc: error: unrecognized command line option '-V'
gcc: fatal error: no input files
compilation terminated.
configure:2620: $? = 4
configure:2609: gcc -qversion >&5
gcc: error: unrecognized command line option '-qversion'
gcc: fatal error: no input files
compilation terminated.
configure:2620: $? = 4
configure:2640: checking whether the C compiler works
configure:2662: gcc -O3 -Wall  -O3 -Wall conftest.c  >&5
configure:2666: $? = 0
configure:2714: result: yes
configure:2717: checking for C compiler default output file name
configure:2719: result: a.out
configure:2725: checking for suffix of executables
configure:2732: gcc -o conftest -O3 -Wall  -O3 -Wall conftest.c  >&5
configure:2736: $? = 0
configure:2758: result: 
configure:2780: checking whether we are cross compiling
configure:2788: gcc -o conftest -O3 -Wall  -O3 -Wall conftest.c  >&5
configure:2792: $? = 0
configure:2799: ./conftest
configure:2803: $? = 0
configure:2818: result: no
configure:2823: checking for suffix of object files
configure:2845: gcc -c -O3 -Wall  conftest.c >&5
configure:2849: $? = 0
configure:2870: result: o
configure:2874: checking whether we are using the GNU C compiler
configure:2893: gcc -c -O3 -Wall  conftest.c >&5
configure:2893: $? = 0
configure:2902: result: yes
configure:2911: checking whether gcc accepts -g
configure:2931: gcc -c -g  conftest.c >&5
configure:2931: $? = 0
configure:2972: result: yes
configure:2989: checking for gcc option to accept ISO C89
configure:3053: gcc  -c -O3 -Wall  conftest.c >&5
configure:3053: $? = 0
configure:3066: result: none needed
configure:3093: checking for an ANSI C-conforming const
configure:3158: gcc -c -O3 -Wall  conftest.c >&5
conftest.c: In function 'main':
conftest.c:38:7: warning: 't' is used uninitialized in this function [-Wuninitialized]
     *t++ = 0;
       ^
conftest.c:60:13: warning: 'cs[0]' is used uninitialized in this function [-Wuninitialized]
   return !cs[0] && !zero.x;
             ^
configure:3158: $? = 0
configure:3165: result: yes
configure:3178: checking how to run the C preprocessor
configure:3209: gcc -E  conftest.c
configure:3209: $? = 0
configure:3223: gcc -E  conftest.c
conftest.c:9:28: fatal error: ac_nonexistent.h: No such file or directory
 #include <ac_nonexistent.h>
                            ^
compilation terminated.
configure:3223: $? = 1
configure: failed program was:
| /* confdefs.h */
| #define PACKAGE_NAME "cpabe"
| #define PACKAGE_TARNAME "cpabe"
| #define PACKAGE_VERSION "0.11"
| #define PACKAGE_STRING "cpabe 0.11"
| #define PACKAGE_BUGREPORT "bethenco@cs.berkeley.edu"
| #define PACKAGE_URL ""
| /* end confdefs.h.  */
| #include <ac_nonexistent.h>
configure:3248: result: gcc -E
configure:3268: gcc -E  conftest.c
configure:3268: $? = 0
configure:3282: gcc -E  conftest.c
conftest.c:9:28: fatal error: ac_nonexistent.h: No such file or directory
 #include <ac_nonexistent.h>
                            ^
compilation terminated.
configure:3282: $? = 1
configure: failed program was:
| /* confdefs.h */
| #define PACKAGE_NAME "cpabe"
| #define PACKAGE_TARNAME "cpabe"
| #define PACKAGE_VERSION "0.11"
| #define PACKAGE_STRING "cpabe 0.11"
| #define PACKAGE_BUGREPORT "bethenco@cs.berkeley.edu"
| #define PACKAGE_URL ""
| /* end confdefs.h.  */
| #include <ac_nonexistent.h>
configure:3311: checking for grep that handles long lines and -e
configure:3369: result: /bin/grep
configure:3374: checking for egrep
configure:3436: result: /bin/grep -E
configure:3441: checking for ANSI C header files
configure:3461: gcc -c -O3 -Wall  conftest.c >&5
configure:3461: $? = 0
configure:3534: gcc -o conftest -O3 -Wall  -O3 -Wall conftest.c  >&5
configure:3534: $? = 0
configure:3534: ./conftest
configure:3534: $? = 0
configure:3545: result: yes
configure:3558: checking for sys/types.h
configure:3558: gcc -c -O3 -Wall  conftest.c >&5
configure:3558: $? = 0
configure:3558: result: yes
configure:3558: checking for sys/stat.h
configure:3558: gcc -c -O3 -Wall  conftest.c >&5
configure:3558: $? = 0
configure:3558: result: yes
configure:3558: checking for stdlib.h
configure:3558: gcc -c -O3 -Wall  conftest.c >&5
configure:3558: $? = 0
configure:3558: result: yes
configure:3558: checking for string.h
configure:3558: gcc -c -O3 -Wall  conftest.c >&5
configure:3558: $? = 0
configure:3558: result: yes
configure:3558: checking for memory.h
configure:3558: gcc -c -O3 -Wall  conftest.c >&5
configure:3558: $? = 0
configure:3558: result: yes
configure:3558: checking for strings.h
configure:3558: gcc -c -O3 -Wall  conftest.c >&5
configure:3558: $? = 0
configure:3558: result: yes
configure:3558: checking for inttypes.h
configure:3558: gcc -c -O3 -Wall  conftest.c >&5
configure:3558: $? = 0
configure:3558: result: yes
configure:3558: checking for stdint.h
configure:3558: gcc -c -O3 -Wall  conftest.c >&5
configure:3558: $? = 0
configure:3558: result: yes
configure:3558: checking for unistd.h
configure:3558: gcc -c -O3 -Wall  conftest.c >&5
configure:3558: $? = 0
configure:3558: result: yes
configure:3570: checking for size_t
configure:3570: gcc -c -O3 -Wall  conftest.c >&5
configure:3570: $? = 0
configure:3570: gcc -c -O3 -Wall  conftest.c >&5
conftest.c: In function 'main':
conftest.c:55:21: error: expected expression before ')' token
 if (sizeof ((size_t)))
                     ^
configure:3570: $? = 1
configure: failed program was:
| /* confdefs.h */
| #define PACKAGE_NAME "cpabe"
| #define PACKAGE_TARNAME "cpabe"
| #define PACKAGE_VERSION "0.11"
| #define PACKAGE_STRING "cpabe 0.11"
| #define PACKAGE_BUGREPORT "bethenco@cs.berkeley.edu"
| #define PACKAGE_URL ""
| #define STDC_HEADERS 1
| #define HAVE_SYS_TYPES_H 1
| #define HAVE_SYS_STAT_H 1
| #define HAVE_STDLIB_H 1
| #define HAVE_STRING_H 1
| #define HAVE_MEMORY_H 1
| #define HAVE_STRINGS_H 1
| #define HAVE_INTTYPES_H 1
| #define HAVE_STDINT_H 1
| #define HAVE_UNISTD_H 1
| /* end confdefs.h.  */
| #include <stdio.h>
| #ifdef HAVE_SYS_TYPES_H
| # include <sys/types.h>
| #endif
| #ifdef HAVE_SYS_STAT_H
| # include <sys/stat.h>
| #endif
| #ifdef STDC_HEADERS
| # include <stdlib.h>
| # include <stddef.h>
| #else
| # ifdef HAVE_STDLIB_H
| #  include <stdlib.h>
| # endif
| #endif
| #ifdef HAVE_STRING_H
| # if !defined STDC_HEADERS && defined HAVE_MEMORY_H
| #  include <memory.h>
| # endif
| # include <string.h>
| #endif
| #ifdef HAVE_STRINGS_H
| # include <strings.h>
| #endif
| #ifdef HAVE_INTTYPES_H
| # include <inttypes.h>
| #endif
| #ifdef HAVE_STDINT_H
| # include <stdint.h>
| #endif
| #ifdef HAVE_UNISTD_H
| # include <unistd.h>
| #endif
| int
| main ()
| {
| if (sizeof ((size_t)))
| 	    return 0;
|   ;
|   return 0;
| }
configure:3570: result: yes
configure:3581: checking for uint32_t
configure:3581: gcc -c -O3 -Wall  conftest.c >&5
conftest.c: In function 'main':
conftest.c:55:12: warning: variable 'test_array' set but not used [-Wunused-but-set-variable]
 static int test_array [1 - 2 * !(((uint32_t) -1 >> (32 / 2 - 1)) >> (32 / 2 - 1) == 3)];
            ^
configure:3581: $? = 0
configure:3581: result: yes
configure:3595: checking for uint64_t
configure:3595: gcc -c -O3 -Wall  conftest.c >&5
conftest.c: In function 'main':
conftest.c:55:12: warning: variable 'test_array' set but not used [-Wunused-but-set-variable]
 static int test_array [1 - 2 * !(((uint64_t) -1 >> (64 / 2 - 1)) >> (64 / 2 - 1) == 3)];
            ^
configure:3595: $? = 0
configure:3595: result: yes
configure:3610: checking for ANSI C header files
configure:3714: result: yes
configure:3725: checking fcntl.h usability
configure:3725: gcc -c -O3 -Wall  conftest.c >&5
configure:3725: $? = 0
configure:3725: result: yes
configure:3725: checking fcntl.h presence
configure:3725: gcc -E  conftest.c
configure:3725: $? = 0
configure:3725: result: yes
configure:3725: checking for fcntl.h
configure:3725: result: yes
configure:3725: checking stddef.h usability
configure:3725: gcc -c -O3 -Wall  conftest.c >&5
configure:3725: $? = 0
configure:3725: result: yes
configure:3725: checking stddef.h presence
configure:3725: gcc -E  conftest.c
configure:3725: $? = 0
configure:3725: result: yes
configure:3725: checking for stddef.h
configure:3725: result: yes
configure:3725: checking for string.h
configure:3725: result: yes
configure:3740: checking for stdlib.h
configure:3740: result: yes
configure:3750: checking for GNU libc compatible malloc
configure:3774: gcc -o conftest -O3 -Wall  -O3 -Wall conftest.c  >&5
configure:3774: $? = 0
configure:3774: ./conftest
configure:3774: $? = 0
configure:3784: result: yes
configure:3805: checking whether lstat correctly handles trailing slash
configure:3831: gcc -o conftest -O3 -Wall  -O3 -Wall conftest.c  >&5
configure:3831: $? = 0
configure:3831: ./conftest
configure:3831: $? = 0
configure:3848: result: yes
configure:3867: checking whether stat accepts an empty string
configure:3887: gcc -o conftest -O3 -Wall  -O3 -Wall conftest.c  >&5
configure:3887: $? = 0
configure:3887: ./conftest
configure:3887: $? = 0
configure:3897: result: no
configure:3915: checking for vprintf
configure:3915: gcc -o conftest -O3 -Wall  -O3 -Wall conftest.c  >&5
conftest.c:49:6: warning: conflicting types for built-in function 'vprintf' [enabled by default]
 char vprintf ();
      ^
configure:3915: $? = 0
configure:3915: result: yes
configure:3921: checking for _doprnt
configure:3921: gcc -o conftest -O3 -Wall  -O3 -Wall conftest.c  >&5
/tmp/cc3Bokkq.o: In function `main':
conftest.c:(.text.startup+0x7): undefined reference to `_doprnt'
collect2: error: ld returned 1 exit status
configure:3921: $? = 1
configure: failed program was:
| /* confdefs.h */
| #define PACKAGE_NAME "cpabe"
| #define PACKAGE_TARNAME "cpabe"
| #define PACKAGE_VERSION "0.11"
| #define PACKAGE_STRING "cpabe 0.11"
| #define PACKAGE_BUGREPORT "bethenco@cs.berkeley.edu"
| #define PACKAGE_URL ""
| #define STDC_HEADERS 1
| #define HAVE_SYS_TYPES_H 1
| #define HAVE_SYS_STAT_H 1
| #define HAVE_STDLIB_H 1
| #define HAVE_STRING_H 1
| #define HAVE_MEMORY_H 1
| #define HAVE_STRINGS_H 1
| #define HAVE_INTTYPES_H 1
| #define HAVE_STDINT_H 1
| #define HAVE_UNISTD_H 1
| #define STDC_HEADERS 1
| #define HAVE_FCNTL_H 1
| #define HAVE_STDDEF_H 1
| #define HAVE_STRING_H 1
| #define HAVE_STDLIB_H 1
| #define HAVE_MALLOC 1
| #define LSTAT_FOLLOWS_SLASHED_SYMLINK 1
| #define HAVE_VPRINTF 1
| /* end confdefs.h.  */
| /* Define _doprnt to an innocuous variant, in case <limits.h> declares _doprnt.
|    For example, HP-UX 11i <limits.h> declares gettimeofday.  */
| #define _doprnt innocuous__doprnt
| 
| /* System header to define __stub macros and hopefully few prototypes,
|     which can conflict with char _doprnt (); below.
|     Prefer <limits.h> to <assert.h> if __STDC__ is defined, since
|     <limits.h> exists even on freestanding compilers.  */
| 
| #ifdef __STDC__
| # include <limits.h>
| #else
| # include <assert.h>
| #endif
| 
| #undef _doprnt
| 
| /* Override any GCC internal prototype to avoid an error.
|    Use char because int might match the return type of a GCC
|    builtin and then its argument prototype would still apply.  */
| #ifdef __cplusplus
| extern "C"
| #endif
| char _doprnt ();
| /* The GNU C library defines this for functions which it implements
|     to always fail with ENOSYS.  Some functions are actually named
|     something starting with __ and the normal name is an alias.  */
| #if defined __stub__doprnt || defined __stub____doprnt
| choke me
| #endif
| 
| int
| main ()
| {
| return _doprnt ();
|   ;
|   return 0;
| }
configure:3921: result: no
configure:3932: checking for SHA1 in -lcrypto
configure:3957: gcc -o conftest -O3 -Wall  -O3 -Wall conftest.c -lcrypto   >&5
configure:3957: $? = 0
configure:3966: result: yes
configure:3979: checking for EVP_aes_128_cbc in -lcrypto
configure:4004: gcc -o conftest -O3 -Wall  -O3 -Wall conftest.c -lcrypto  -lcrypto  >&5
configure:4004: $? = 0
configure:4013: result: yes
configure:4029: checking for strchr
configure:4029: gcc -o conftest -O3 -Wall  -O3 -Wall conftest.c -lcrypto -lcrypto  >&5
conftest.c:52:6: warning: conflicting types for built-in function 'strchr' [enabled by default]
 char strchr ();
      ^
configure:4029: $? = 0
configure:4029: result: yes
configure:4029: checking for strdup
configure:4029: gcc -o conftest -O3 -Wall  -O3 -Wall conftest.c -lcrypto -lcrypto  >&5
conftest.c:53:6: warning: conflicting types for built-in function 'strdup' [enabled by default]
 char strdup ();
      ^
configure:4029: $? = 0
configure:4029: result: yes
configure:4029: checking for memset
configure:4029: gcc -o conftest -O3 -Wall  -O3 -Wall conftest.c -lcrypto -lcrypto  >&5
conftest.c:54:6: warning: conflicting types for built-in function 'memset' [enabled by default]
 char memset ();
      ^
configure:4029: $? = 0
configure:4029: result: yes
configure:4070: checking for pkg-config
configure:4088: found /usr/bin/pkg-config
configure:4101: result: /usr/bin/pkg-config
configure:4125: checking for GLIB - version >= 2.0.0
configure:4239: gcc -o conftest -O3 -Wall -I/usr/include/glib-2.0 -I/usr/lib/x86_64-linux-gnu/glib-2.0/include    -O3 -Wall conftest.c -lglib-2.0   -lcrypto -lcrypto  >&5
conftest.c: In function 'main':
conftest.c:43:10: warning: ignoring return value of 'system', declared with attribute warn_unused_result [-Wunused-result]
   system ("touch conf.glibtest");
          ^
configure:4239: $? = 0
configure:4239: ./conftest
configure:4239: $? = 0
configure:4253: result: yes (version 2.40.2)
configure:4321: checking for GMP version >= 4.0.0 or later
configure:4368: gcc -o conftest -O3 -Wall   -O3 -Wall conftest.c -lcrypto -lcrypto  -Wl,-rpath /usr/local/lib -lgmp >&5
configure:4368: $? = 0
configure:4383: gcc -o conftest -O3 -Wall   -O3 -Wall conftest.c -lcrypto -lcrypto  -Wl,-rpath /usr/local/lib -lgmp >&5
configure:4383: $? = 0
configure:4383: ./conftest
configure:4383: $? = 0
configure:4385: result: found
configure:4444: checking for the PBC library
configure:4513: gcc -o conftest -O3 -Wall -I/usr/include/pbc -I/usr/local/include/pbc  -I/usr/include/libxml2  -O3 -Wall conftest.c -lcrypto -lcrypto  -Wl,-rpath /usr/local/lib -lpbc -Wl,-rpath /usr/local/lib -lgmp -Wl,-rpath /usr/local/lib -lxml2 >&5
configure:4513: $? = 0
configure:4515: result: found
configure:4554: checking for libbswabe
configure:4604: gcc -o conftest -O3 -Wall  -I/usr/include/pbc -I/usr/local/include/pbc  -I/usr/include/glib-2.0 -I/usr/lib/x86_64-linux-gnu/glib-2.0/include    -O3 -Wall conftest.c -lcrypto -lcrypto  -lbswabe -Wl,-rpath /usr/local/lib -lpbc -Wl,-rpath /usr/local/lib -lgmp -lglib-2.0   >&5
conftest.c: In function 'main':
conftest.c:41:19: warning: 'p' is used uninitialized in this function [-Wuninitialized]
    bswabe_pub_free(p);
                   ^
configure:4604: $? = 0
configure:4606: result: found
configure:4787: creating ./config.status
configure:5800: checking for lib XML version >= 2.0 or later

## ---------------- ##
## Cache variables. ##
## ---------------- ##

ac_cv_c_compiler_gnu=yes
ac_cv_c_const=yes
ac_cv_c_uint32_t=yes
ac_cv_c_uint64_t=yes
ac_cv_env_CC_set=
ac_cv_env_CC_value=
ac_cv_env_CFLAGS_set=
ac_cv_env_CFLAGS_value=
ac_cv_env_CPPFLAGS_set=
ac_cv_env_CPPFLAGS_value=
ac_cv_env_CPP_set=
ac_cv_env_CPP_value=
ac_cv_env_LDFLAGS_set=
ac_cv_env_LDFLAGS_value=
ac_cv_env_LIBS_set=
ac_cv_env_LIBS_value=
ac_cv_env_YACC_set=
ac_cv_env_YACC_value=
ac_cv_env_YFLAGS_set=
ac_cv_env_YFLAGS_value=
ac_cv_env_build_alias_set=
ac_cv_env_build_alias_value=
ac_cv_env_host_alias_set=
ac_cv_env_host_alias_value=
ac_cv_env_target_alias_set=
ac_cv_env_target_alias_value=
ac_cv_func__doprnt=no
ac_cv_func_lstat_dereferences_slashed_symlink=yes
ac_cv_func_malloc_0_nonnull=yes
ac_cv_func_memset=yes
ac_cv_func_stat_empty_string_bug=no
ac_cv_func_strchr=yes
ac_cv_func_strdup=yes
ac_cv_func_vprintf=yes
ac_cv_header_fcntl_h=yes
ac_cv_header_inttypes_h=yes
ac_cv_header_memory_h=yes
ac_cv_header_stdc=yes
ac_cv_header_stddef_h=yes
ac_cv_header_stdint_h=yes
ac_cv_header_stdlib_h=yes
ac_cv_header_string_h=yes
ac_cv_header_strings_h=yes
ac_cv_header_sys_stat_h=yes
ac_cv_header_sys_types_h=yes
ac_cv_header_unistd_h=yes
ac_cv_lib_crypto_EVP_aes_128_cbc=yes
ac_cv_lib_crypto_SHA1=yes
ac_cv_objext=o
ac_cv_path_EGREP='/bin/grep -E'
ac_cv_path_GREP=/bin/grep
ac_cv_path_PKG_CONFIG=/usr/bin/pkg-config
ac_cv_prog_CPP='gcc -E'
ac_cv_prog_YACC='bison -y'
ac_cv_prog_ac_ct_CC=gcc
ac_cv_prog_cc_c89=
ac_cv_prog_cc_g=yes
ac_cv_type_size_t=yes

## ----------------- ##
## Output variables. ##
## ----------------- ##

BSWABE_CFLAGS=''
BSWABE_LIBS='-lbswabe'
CC='gcc'
CFLAGS='-O3 -Wall'
CPP='gcc -E'
CPPFLAGS=''
DEFS='-DPACKAGE_NAME=\"cpabe\" -DPACKAGE_TARNAME=\"cpabe\" -DPACKAGE_VERSION=\"0.11\" -DPACKAGE_STRING=\"cpabe\ 0.11\" -DPACKAGE_BUGREPORT=\"bethenco@cs.berkeley.edu\" -DPACKAGE_URL=\"\" -DSTDC_HEADERS=1 -DHAVE_SYS_TYPES_H=1 -DHAVE_SYS_STAT_H=1 -DHAVE_STDLIB_H=1 -DHAVE_STRING_H=1 -DHAVE_MEMORY_H=1 -DHAVE_STRINGS_H=1 -DHAVE_INTTYPES_H=1 -DHAVE_STDINT_H=1 -DHAVE_UNISTD_H=1 -DSTDC_HEADERS=1 -DHAVE_FCNTL_H=1 -DHAVE_STDDEF_H=1 -DHAVE_STRING_H=1 -DHAVE_STDLIB_H=1 -DHAVE_MALLOC=1 -DLSTAT_FOLLOWS_SLASHED_SYMLINK=1 -DHAVE_VPRINTF=1 -DHAVE_LIBCRYPTO=1 -DHAVE_LIBCRYPTO=1 -DHAVE_STRCHR=1 -DHAVE_STRDUP=1 -DHAVE_MEMSET=1 -DHAVE_GMP=1 -DHAVE_PBC=1 -DHAVE_BSWABE=1'
ECHO_C=''
ECHO_N='-n'
ECHO_T=''
EGREP='/bin/grep -E'
EXEEXT=''
GLIB_CFLAGS='-I/usr/include/glib-2.0 -I/usr/lib/x86_64-linux-gnu/glib-2.0/include  '
GLIB_GENMARSHAL='glib-genmarshal'
GLIB_LIBS='-lglib-2.0  '
GLIB_MKENUMS='glib-mkenums'
GMP_CFLAGS=''
GMP_LIBS='-Wl,-rpath /usr/local/lib -lgmp'
GOBJECT_QUERY='gobject-query'
GREP='/bin/grep'
LDFLAGS='-O3 -Wall'
LIBOBJS=''
LIBS='-lcrypto -lcrypto '
LTLIBOBJS=''
LXML_CFLAGS='-I/usr/include/libxml2'
LXML_LIBS='-Wl,-rpath /usr/local/lib -lxml2'
OBJEXT='o'
PACKAGE_BUGREPORT='bethenco@cs.berkeley.edu'
PACKAGE_NAME='cpabe'
PACKAGE_STRING='cpabe 0.11'
PACKAGE_TARNAME='cpabe'
PACKAGE_URL=''
PACKAGE_VERSION='0.11'
PATH_SEPARATOR=':'
PBC_CFLAGS='-I/usr/include/pbc -I/usr/local/include/pbc'
PBC_LIBS='-Wl,-rpath /usr/local/lib -lpbc'
PKG_CONFIG='/usr/bin/pkg-config'
SHELL='/bin/bash'
YACC='bison -y'
YFLAGS=''
ac_ct_CC='gcc'
bindir='${exec_prefix}/bin'
build_alias=''
datadir='${datarootdir}'
datarootdir='${prefix}/share'
docdir='${datarootdir}/doc/${PACKAGE_TARNAME}'
dvidir='${docdir}'
exec_prefix='${prefix}'
host_alias=''
htmldir='${docdir}'
includedir='${prefix}/include'
infodir='${datarootdir}/info'
libdir='${exec_prefix}/lib'
libexecdir='${exec_prefix}/libexec'
localedir='${datarootdir}/locale'
localstatedir='${prefix}/var'
mandir='${datarootdir}/man'
oldincludedir='/usr/include'
pdfdir='${docdir}'
prefix='/usr/local'
program_transform_name='s,x,x,'
psdir='${docdir}'
sbindir='${exec_prefix}/sbin'
sharedstatedir='${prefix}/com'
sysconfdir='${prefix}/etc'
target_alias=''

## ----------- ##
## confdefs.h. ##
## ----------- ##

/* confdefs.h */
#define PACKAGE_NAME "cpabe"
#define PACKAGE_TARNAME "cpabe"
#define PACKAGE_VERSION "0.11"
#define PACKAGE_STRING "cpabe 0.11"
#define PACKAGE_BUGREPORT "bethenco@cs.berkeley.edu"
#define PACKAGE_URL ""
#define STDC_HEADERS 1
#define HAVE_SYS_TYPES_H 1
#define HAVE_SYS_STAT_H 1
#define HAVE_STDLIB_H 1
#define HAVE_STRING_H 1
#define HAVE_MEMORY_H 1
#define HAVE_STRINGS_H 1
#define HAVE_INTTYPES_H 1
#define HAVE_STDINT_H 1
#define HAVE_UNISTD_H 1
#define STDC_HEADERS 1
#define HAVE_FCNTL_H 1
#define HAVE_STDDEF_H 1
#define HAVE_STRING_H 1
#define HAVE_STDLIB_H 1
#define HAVE_MALLOC 1
#define LSTAT_FOLLOWS_SLASHED_SYMLINK 1
#define HAVE_VPRINTF 1
#define HAVE_LIBCRYPTO 1
#define HAVE_LIBCRYPTO 1
#define HAVE_STRCHR 1
#define HAVE_STRDUP 1
#define HAVE_MEMSET 1
#define HAVE_GMP 1
#define HAVE_PBC 1
#define HAVE_BSWABE 1

configure: exit 0

## ---------------------- ##
## Running config.status. ##
## ---------------------- ##

This file was extended by cpabe config.status 0.11, which was
generated by GNU Autoconf 2.67.  Invocation command line was

  CONFIG_FILES    = 
  CONFIG_HEADERS  = 
  CONFIG_LINKS    = 
  CONFIG_COMMANDS = 
  $ ./config.status 

on claudiu

config.status:750: creating Makefile
config.status:849: WARNING:  'Makefile.in' seems to ignore the --datarootdir setting
